<html>
<head>
<title>TestNG:  Default test</title>
<link href="../testng.css" rel="stylesheet" type="text/css" />
<link href="../my-testng.css" rel="stylesheet" type="text/css" />

<style type="text/css">
.log { display: none;} 
.stack-trace { display: none;} 
</style>
<script type="text/javascript">
<!--
function flip(e) {
  current = e.style.display;
  if (current == 'block') {
    e.style.display = 'none';
    return 0;
  }
  else {
    e.style.display = 'block';
    return 1;
  }
}

function toggleBox(szDivId, elem, msg1, msg2)
{
  var res = -1;  if (document.getElementById) {
    res = flip(document.getElementById(szDivId));
  }
  else if (document.all) {
    // this is the way old msie versions work
    res = flip(document.all[szDivId]);
  }
  if(elem) {
    if(res == 0) elem.innerHTML = msg1; else elem.innerHTML = msg2;
  }

}

function toggleAllBoxes() {
  if (document.getElementsByTagName) {
    d = document.getElementsByTagName('div');
    for (i = 0; i < d.length; i++) {
      if (d[i].className == 'log') {
        flip(d[i]);
      }
    }
  }
}

// -->
</script>

</head>
<body>
<h2 align='center'>Default test</h2><table border='1' align="center">
<tr>
<td>Tests passed/Failed/Skipped:</td><td>6/1/0</td>
</tr><tr>
<td>Started on:</td><td>Fri Mar 21 14:50:14 IST 2025</td>
</tr>
<tr><td>Total time:</td><td>97 seconds (97666 ms)</td>
</tr><tr>
<td>Included groups:</td><td></td>
</tr><tr>
<td>Excluded groups:</td><td></td>
</tr>
</table><p/>
<small><i>(Hover the method name to see the test class name)</i></small><p/>
<table width='100%' border='1' class='invocation-failed'>
<tr><td colspan='4' align='center'><b>FAILED TESTS</b></td></tr>
<tr><td><b>Test method</b></td>
<td><b>Attribute(s)</b></td>
<td width="30%"><b>Exception</b></td>
<td width="10%"><b>Time (seconds)</b></td>
<td><b>Instance</b></td>
</tr>
<tr>
<td title='com.urbanladder.runners.HomePageRunner.runScenario()'><b>runScenario</b><br>Test class: com.urbanladder.runners.HomePageRunner<br>Test method: Runs Cucumber Scenarios<br>Parameters: "Verify Product Page Sections", "Product Page Verification"</td>
<td><div><pre>org.openqa.selenium.ElementClickInterceptedException: element click intercepted: Element &lt;button name=&quot;button&quot; type=&quot;submit&quot; class=&quot;button full&quot; id=&quot;add-to-cart-button&quot; data-event=&quot;add_to_cart&quot; data-id=&quot;&quot; data-gaclick=&quot;1&quot; data-gaaction=&quot;&quot; data-gaproduct=&quot;true&quot; data-gausetimespent=&quot;true&quot; data-sku=&quot;&quot; data-gacategory=&quot;Sofa_Prod_Page&quot;&gt;...&lt;/button&gt; is not clickable at point (1030, 568). Other element would receive the click: &lt;img alt=&quot;Alden wooden sofa -Finish- Teak (Indigo Blue honduras) by Urban Ladder - - &quot; title=&quot;Alden wooden sofa -Finish- Teak (Indigo Blue honduras) by Urban Ladder - - &quot; data-caption=&quot;Alden wooden sofa -Finish- Teak (Indigo Blue honduras) by Urban Ladder - - &quot; src=&quot;https://www.ulcdn.net/images/products/719873/original/FNSF51TKIB3_-_main_1.jpg?1673440209&quot;&gt;
  (Session info: chrome=134.0.6998.89)
Build info: version: &apos;4.28.1&apos;, revision: &apos;73f5ad48a2&apos;
System info: os.name: &apos;Windows 10&apos;, os.arch: &apos;amd64&apos;, os.version: &apos;10.0&apos;, java.version: &apos;23.0.2&apos;
Driver info: org.openqa.selenium.chrome.ChromeDriver
Command: [addb84f6ec7be596cb5d21cf5c22d77b, clickElement {id=f.E090E1EDE9FB8586CAE1A135CF605C6F.d.80C465BF4ABB49A3183FC241DA349E9F.e.912}]
Capabilities {acceptInsecureCerts: false, browserName: chrome, browserVersion: 134.0.6998.89, chrome: {chromedriverVersion: 134.0.6998.90 (219ee74681fc..., userDataDir: C:\Windows\SystemTemp\scope...}, fedcm:accounts: true, goog:chromeOptions: {debuggerAddress: localhost:55883}, networkConnectionEnabled: false, pageLoadStrategy: normal, platformName: windows, proxy: Proxy(), se:cdp: ws://localhost:55883/devtoo..., se:cdpVersion: 134.0.6998.89, setWindowRect: true, strictFileInteractability: false, timeouts: {implicit: 0, pageLoad: 300000, script: 30000}, unhandledPromptBehavior: dismiss and notify, webauthn:extension:credBlob: true, webauthn:extension:largeBlob: true, webauthn:extension:minPinLength: true, webauthn:extension:prf: true, webauthn:virtualAuthenticators: true}
Element: [[ChromeDriver: chrome on windows (addb84f6ec7be596cb5d21cf5c22d77b)] -&gt; xpath: //button[@class=&apos;button full&apos;]]
Session ID: addb84f6ec7be596cb5d21cf5c22d77b
	at java.base/jdk.internal.reflect.DirectConstructorHandleAccessor.newInstance(DirectConstructorHandleAccessor.java:62)
	at java.base/java.lang.reflect.Constructor.newInstanceWithCaller(Constructor.java:501)
	at java.base/java.lang.reflect.Constructor.newInstance(Constructor.java:485)
	at org.openqa.selenium.remote.ErrorCodec.decode(ErrorCodec.java:167)
	at org.openqa.selenium.remote.codec.w3c.W3CHttpResponseCodec.decode(W3CHttpResponseCodec.java:138)
	at org.openqa.selenium.remote.codec.w3c.W3CHttpResponseCodec.decode(W3CHttpResponseCodec.java:50)
	at org.openqa.selenium.remote.HttpCommandExecutor.execute(HttpCommandExecutor.java:215)
	at org.openqa.selenium.remote.service.DriverCommandExecutor.invokeExecute(DriverCommandExecutor.java:216)
	at org.openqa.selenium.remote.service.DriverCommandExecutor.execute(DriverCommandExecutor.java:174)
	at org.openqa.selenium.remote.RemoteWebDriver.execute(RemoteWebDriver.java:545)
	at org.openqa.selenium.remote.RemoteWebElement.execute(RemoteWebElement.java:223)
	at org.openqa.selenium.remote.RemoteWebElement.click(RemoteWebElement.java:76)
	at com.urbanladder.pageClasses.ProductDetailsPage.AddedToCart(ProductDetailsPage.java:144)
	at com.urbanladder.stepDefinition.ProductDetailsStepDef.the_user_add_the_product_from_wishlist_to_cart(ProductDetailsStepDef.java:45)
	at ✽.the user add the product  from wishlist to cart(file:///C:/Users/Administrator/Downloads/Capstone_UrbanLadder/Capstone_UrbanLadder/src/test/resources/features/STProductDetails.feature:10)
</pre></div><a href='#' onClick='toggleBox("stack-trace66515916", this, "Click to show all stack frames", "Click to hide stack frames")'>Click to show all stack frames</a>
<div class='stack-trace' id='stack-trace66515916'><pre>org.openqa.selenium.ElementClickInterceptedException: element click intercepted: Element &lt;button name=&quot;button&quot; type=&quot;submit&quot; class=&quot;button full&quot; id=&quot;add-to-cart-button&quot; data-event=&quot;add_to_cart&quot; data-id=&quot;&quot; data-gaclick=&quot;1&quot; data-gaaction=&quot;&quot; data-gaproduct=&quot;true&quot; data-gausetimespent=&quot;true&quot; data-sku=&quot;&quot; data-gacategory=&quot;Sofa_Prod_Page&quot;&gt;...&lt;/button&gt; is not clickable at point (1030, 568). Other element would receive the click: &lt;img alt=&quot;Alden wooden sofa -Finish- Teak (Indigo Blue honduras) by Urban Ladder - - &quot; title=&quot;Alden wooden sofa -Finish- Teak (Indigo Blue honduras) by Urban Ladder - - &quot; data-caption=&quot;Alden wooden sofa -Finish- Teak (Indigo Blue honduras) by Urban Ladder - - &quot; src=&quot;https://www.ulcdn.net/images/products/719873/original/FNSF51TKIB3_-_main_1.jpg?1673440209&quot;&gt;
  (Session info: chrome=134.0.6998.89)
Build info: version: &apos;4.28.1&apos;, revision: &apos;73f5ad48a2&apos;
System info: os.name: &apos;Windows 10&apos;, os.arch: &apos;amd64&apos;, os.version: &apos;10.0&apos;, java.version: &apos;23.0.2&apos;
Driver info: org.openqa.selenium.chrome.ChromeDriver
Command: [addb84f6ec7be596cb5d21cf5c22d77b, clickElement {id=f.E090E1EDE9FB8586CAE1A135CF605C6F.d.80C465BF4ABB49A3183FC241DA349E9F.e.912}]
Capabilities {acceptInsecureCerts: false, browserName: chrome, browserVersion: 134.0.6998.89, chrome: {chromedriverVersion: 134.0.6998.90 (219ee74681fc..., userDataDir: C:\Windows\SystemTemp\scope...}, fedcm:accounts: true, goog:chromeOptions: {debuggerAddress: localhost:55883}, networkConnectionEnabled: false, pageLoadStrategy: normal, platformName: windows, proxy: Proxy(), se:cdp: ws://localhost:55883/devtoo..., se:cdpVersion: 134.0.6998.89, setWindowRect: true, strictFileInteractability: false, timeouts: {implicit: 0, pageLoad: 300000, script: 30000}, unhandledPromptBehavior: dismiss and notify, webauthn:extension:credBlob: true, webauthn:extension:largeBlob: true, webauthn:extension:minPinLength: true, webauthn:extension:prf: true, webauthn:virtualAuthenticators: true}
Element: [[ChromeDriver: chrome on windows (addb84f6ec7be596cb5d21cf5c22d77b)] -&gt; xpath: //button[@class=&apos;button full&apos;]]
Session ID: addb84f6ec7be596cb5d21cf5c22d77b
	at java.base/jdk.internal.reflect.DirectConstructorHandleAccessor.newInstance(DirectConstructorHandleAccessor.java:62)
	at java.base/java.lang.reflect.Constructor.newInstanceWithCaller(Constructor.java:501)
	at java.base/java.lang.reflect.Constructor.newInstance(Constructor.java:485)
	at org.openqa.selenium.remote.ErrorCodec.decode(ErrorCodec.java:167)
	at org.openqa.selenium.remote.codec.w3c.W3CHttpResponseCodec.decode(W3CHttpResponseCodec.java:138)
	at org.openqa.selenium.remote.codec.w3c.W3CHttpResponseCodec.decode(W3CHttpResponseCodec.java:50)
	at org.openqa.selenium.remote.HttpCommandExecutor.execute(HttpCommandExecutor.java:215)
	at org.openqa.selenium.remote.service.DriverCommandExecutor.invokeExecute(DriverCommandExecutor.java:216)
	at org.openqa.selenium.remote.service.DriverCommandExecutor.execute(DriverCommandExecutor.java:174)
	at org.openqa.selenium.remote.RemoteWebDriver.execute(RemoteWebDriver.java:545)
	at org.openqa.selenium.remote.RemoteWebElement.execute(RemoteWebElement.java:223)
	at org.openqa.selenium.remote.RemoteWebElement.click(RemoteWebElement.java:76)
	at com.urbanladder.pageClasses.ProductDetailsPage.AddedToCart(ProductDetailsPage.java:144)
	at com.urbanladder.stepDefinition.ProductDetailsStepDef.the_user_add_the_product_from_wishlist_to_cart(ProductDetailsStepDef.java:45)
	at ✽.the user add the product  from wishlist to cart(file:///C:/Users/Administrator/Downloads/Capstone_UrbanLadder/Capstone_UrbanLadder/src/test/resources/features/STProductDetails.feature:10)
</pre></div></td>
<td>11</td>
<td>com.urbanladder.runners.HomePageRunner@3943a2be</td></tr>
</table><p>
<table width='100%' border='1' class='invocation-passed'>
<tr><td colspan='4' align='center'><b>PASSED TESTS</b></td></tr>
<tr><td><b>Test method</b></td>
<td><b>Attribute(s)</b></td>
<td width="30%"><b>Exception</b></td>
<td width="10%"><b>Time (seconds)</b></td>
<td><b>Instance</b></td>
</tr>
<tr>
<td title='com.urbanladder.runners.HomePageRunner.runScenario()'><b>runScenario</b><br>Test class: com.urbanladder.runners.HomePageRunner<br>Test method: Runs Cucumber Scenarios<br>Parameters: "Verify Home Page Sections", "Home Page Verification"</td>
<td></td>
<td>2</td>
<td>com.urbanladder.runners.HomePageRunner@3943a2be</td></tr>
<tr>
<td title='com.urbanladder.runners.HomePageRunner.runScenario()'><b>runScenario</b><br>Test class: com.urbanladder.runners.HomePageRunner<br>Test method: Runs Cucumber Scenarios<br>Parameters: "Edit account settings to set a new password", "New User Signup"</td>
<td></td>
<td>6</td>
<td>com.urbanladder.runners.HomePageRunner@3943a2be</td></tr>
<tr>
<td title='com.urbanladder.runners.HomePageRunner.runScenario()'><b>runScenario</b><br>Test class: com.urbanladder.runners.HomePageRunner<br>Test method: Runs Cucumber Scenarios<br>Parameters: "Buying the product", "Buying product"</td>
<td></td>
<td>32</td>
<td>com.urbanladder.runners.HomePageRunner@3943a2be</td></tr>
<tr>
<td title='com.urbanladder.runners.HomePageRunner.runScenario()'><b>runScenario</b><br>Test class: com.urbanladder.runners.HomePageRunner<br>Test method: Runs Cucumber Scenarios<br>Parameters: "Login with different credentials", "New User Signup"</td>
<td></td>
<td>12</td>
<td>com.urbanladder.runners.HomePageRunner@3943a2be</td></tr>
<tr>
<td title='com.urbanladder.runners.HomePageRunner.runScenario()'><b>runScenario</b><br>Test class: com.urbanladder.runners.HomePageRunner<br>Test method: Runs Cucumber Scenarios<br>Parameters: "Verify Search functionality", "Search Functionality in urbanladder"</td>
<td></td>
<td>6</td>
<td>com.urbanladder.runners.HomePageRunner@3943a2be</td></tr>
<tr>
<td title='com.urbanladder.runners.HomePageRunner.runScenario()'><b>runScenario</b><br>Test class: com.urbanladder.runners.HomePageRunner<br>Test method: Runs Cucumber Scenarios<br>Parameters: "Successful Signup", "New User Signup"</td>
<td></td>
<td>10</td>
<td>com.urbanladder.runners.HomePageRunner@3943a2be</td></tr>
</table><p>
</body>
</html>