<?xml version="1.0" encoding="UTF-8"?>
<!-- Generated by org.testng.reporters.JUnitXMLReporter -->
<testsuite ignored="0" hostname="DESKTOP-KHFPL78" failures="1" tests="7" name="Default test" time="97.666" errors="0" timestamp="2025-03-21T14:51:51 IST">
  <testcase classname="io.cucumber.testng.AbstractTestNGCucumberTests" name="runScenario" time="2.788"/>
  <testcase classname="io.cucumber.testng.AbstractTestNGCucumberTests" name="runScenario" time="10.777"/>
  <testcase classname="io.cucumber.testng.AbstractTestNGCucumberTests" name="runScenario" time="6.367"/>
  <testcase classname="io.cucumber.testng.AbstractTestNGCucumberTests" name="runScenario" time="12.96"/>
  <testcase classname="io.cucumber.testng.AbstractTestNGCucumberTests" name="runScenario" time="6.844"/>
  <testcase classname="io.cucumber.testng.AbstractTestNGCucumberTests" name="runScenario" time="11.507">
    <failure type="org.openqa.selenium.ElementClickInterceptedException" message="element click intercepted: Element &amp;lt;button name=&amp;quot;button&amp;quot; type=&amp;quot;submit&amp;quot; class=&amp;quot;button full&amp;quot; id=&amp;quot;add-to-cart-button&amp;quot; data-event=&amp;quot;add_to_cart&amp;quot; data-id=&amp;quot;&amp;quot; data-gaclick=&amp;quot;1&amp;quot; data-gaaction=&amp;quot;&amp;quot; data-gaproduct=&amp;quot;true&amp;quot; data-gausetimespent=&amp;quot;true&amp;quot; data-sku=&amp;quot;&amp;quot; data-gacategory=&amp;quot;Sofa_Prod_Page&amp;quot;&amp;gt;...&amp;lt;/button&amp;gt; is not clickable at point (1030, 568). Other element would receive the click: &amp;lt;img alt=&amp;quot;Alden wooden sofa -Finish- Teak (Indigo Blue honduras) by Urban Ladder - - &amp;quot; title=&amp;quot;Alden wooden sofa -Finish- Teak (Indigo Blue honduras) by Urban Ladder - - &amp;quot; data-caption=&amp;quot;Alden wooden sofa -Finish- Teak (Indigo Blue honduras) by Urban Ladder - - &amp;quot; src=&amp;quot;https://www.ulcdn.net/images/products/719873/original/FNSF51TKIB3_-_main_1.jpg?1673440209&amp;quot;&amp;gt;
  (Session info: chrome=134.0.6998.89)
Build info: version: &amp;apos;4.28.1&amp;apos;, revision: &amp;apos;73f5ad48a2&amp;apos;
System info: os.name: &amp;apos;Windows 10&amp;apos;, os.arch: &amp;apos;amd64&amp;apos;, os.version: &amp;apos;10.0&amp;apos;, java.version: &amp;apos;23.0.2&amp;apos;
Driver info: org.openqa.selenium.chrome.ChromeDriver
Command: [addb84f6ec7be596cb5d21cf5c22d77b, clickElement {id=f.E090E1EDE9FB8586CAE1A135CF605C6F.d.80C465BF4ABB49A3183FC241DA349E9F.e.912}]
Capabilities {acceptInsecureCerts: false, browserName: chrome, browserVersion: 134.0.6998.89, chrome: {chromedriverVersion: 134.0.6998.90 (219ee74681fc..., userDataDir: C:\Windows\SystemTemp\scope...}, fedcm:accounts: true, goog:chromeOptions: {debuggerAddress: localhost:55883}, networkConnectionEnabled: false, pageLoadStrategy: normal, platformName: windows, proxy: Proxy(), se:cdp: ws://localhost:55883/devtoo..., se:cdpVersion: 134.0.6998.89, setWindowRect: true, strictFileInteractability: false, timeouts: {implicit: 0, pageLoad: 300000, script: 30000}, unhandledPromptBehavior: dismiss and notify, webauthn:extension:credBlob: true, webauthn:extension:largeBlob: true, webauthn:extension:minPinLength: true, webauthn:extension:prf: true, webauthn:virtualAuthenticators: true}
Element: [[ChromeDriver: chrome on windows (addb84f6ec7be596cb5d21cf5c22d77b)] -&amp;gt; xpath: //button[@class=&amp;apos;button full&amp;apos;]]
Session ID: addb84f6ec7be596cb5d21cf5c22d77b">
      <![CDATA[org.openqa.selenium.ElementClickInterceptedException: element click intercepted: Element <button name="button" type="submit" class="button full" id="add-to-cart-button" data-event="add_to_cart" data-id="" data-gaclick="1" data-gaaction="" data-gaproduct="true" data-gausetimespent="true" data-sku="" data-gacategory="Sofa_Prod_Page">...</button> is not clickable at point (1030, 568). Other element would receive the click: <img alt="Alden wooden sofa -Finish- Teak (Indigo Blue honduras) by Urban Ladder - - " title="Alden wooden sofa -Finish- Teak (Indigo Blue honduras) by Urban Ladder - - " data-caption="Alden wooden sofa -Finish- Teak (Indigo Blue honduras) by Urban Ladder - - " src="https://www.ulcdn.net/images/products/719873/original/FNSF51TKIB3_-_main_1.jpg?1673440209">
  (Session info: chrome=134.0.6998.89)
Build info: version: '4.28.1', revision: '73f5ad48a2'
System info: os.name: 'Windows 10', os.arch: 'amd64', os.version: '10.0', java.version: '23.0.2'
Driver info: org.openqa.selenium.chrome.ChromeDriver
Command: [addb84f6ec7be596cb5d21cf5c22d77b, clickElement {id=f.E090E1EDE9FB8586CAE1A135CF605C6F.d.80C465BF4ABB49A3183FC241DA349E9F.e.912}]
Capabilities {acceptInsecureCerts: false, browserName: chrome, browserVersion: 134.0.6998.89, chrome: {chromedriverVersion: 134.0.6998.90 (219ee74681fc..., userDataDir: C:\Windows\SystemTemp\scope...}, fedcm:accounts: true, goog:chromeOptions: {debuggerAddress: localhost:55883}, networkConnectionEnabled: false, pageLoadStrategy: normal, platformName: windows, proxy: Proxy(), se:cdp: ws://localhost:55883/devtoo..., se:cdpVersion: 134.0.6998.89, setWindowRect: true, strictFileInteractability: false, timeouts: {implicit: 0, pageLoad: 300000, script: 30000}, unhandledPromptBehavior: dismiss and notify, webauthn:extension:credBlob: true, webauthn:extension:largeBlob: true, webauthn:extension:minPinLength: true, webauthn:extension:prf: true, webauthn:virtualAuthenticators: true}
Element: [[ChromeDriver: chrome on windows (addb84f6ec7be596cb5d21cf5c22d77b)] -> xpath: //button[@class='button full']]
Session ID: addb84f6ec7be596cb5d21cf5c22d77b
at java.base/jdk.internal.reflect.DirectConstructorHandleAccessor.newInstance(DirectConstructorHandleAccessor.java:62)
at java.base/java.lang.reflect.Constructor.newInstanceWithCaller(Constructor.java:501)
at java.base/java.lang.reflect.Constructor.newInstance(Constructor.java:485)
at org.openqa.selenium.remote.ErrorCodec.decode(ErrorCodec.java:167)
at org.openqa.selenium.remote.codec.w3c.W3CHttpResponseCodec.decode(W3CHttpResponseCodec.java:138)
at org.openqa.selenium.remote.codec.w3c.W3CHttpResponseCodec.decode(W3CHttpResponseCodec.java:50)
at org.openqa.selenium.remote.HttpCommandExecutor.execute(HttpCommandExecutor.java:215)
at org.openqa.selenium.remote.service.DriverCommandExecutor.invokeExecute(DriverCommandExecutor.java:216)
at org.openqa.selenium.remote.service.DriverCommandExecutor.execute(DriverCommandExecutor.java:174)
at org.openqa.selenium.remote.RemoteWebDriver.execute(RemoteWebDriver.java:545)
at org.openqa.selenium.remote.RemoteWebElement.execute(RemoteWebElement.java:223)
at org.openqa.selenium.remote.RemoteWebElement.click(RemoteWebElement.java:76)
at com.urbanladder.pageClasses.ProductDetailsPage.AddedToCart(ProductDetailsPage.java:144)
at com.urbanladder.stepDefinition.ProductDetailsStepDef.the_user_add_the_product_from_wishlist_to_cart(ProductDetailsStepDef.java:45)
at âœ½.the user add the product  from wishlist to cart(file:///C:/Users/Administrator/Downloads/Capstone_UrbanLadder/Capstone_UrbanLadder/src/test/resources/features/STProductDetails.feature:10)
]]>
    </failure>
  </testcase> <!-- runScenario -->
  <testcase classname="io.cucumber.testng.AbstractTestNGCucumberTests" name="runScenario" time="32.465"/>
</testsuite> <!-- Default test -->
